TN:
SF:src/App.tsx
FN:8,App
FNF:1
FNH:0
FNDA:0,App
DA:1,0
DA:2,0
DA:3,0
DA:4,0
DA:5,0
DA:9,0
DA:23,0
LF:7
LH:0
BRF:0
BRH:0
end_of_record
TN:
SF:src/components/NoResults.tsx
FN:10,(anonymous_1)
FNF:1
FNH:1
FNDA:2,(anonymous_1)
DA:1,2
DA:10,2
DA:11,2
DA:12,2
DA:13,2
DA:14,2
DA:16,2
DA:51,2
LF:8
LH:8
BRDA:14,0,0,0
BRDA:14,0,1,2
BRDA:37,1,0,2
BRDA:37,1,1,0
BRDA:39,2,0,2
BRDA:39,2,1,2
BRDA:39,2,2,2
BRF:7
BRH:5
end_of_record
TN:
SF:src/components/NotFound.tsx
FN:8,(anonymous_1)
FNF:1
FNH:0
FNDA:0,(anonymous_1)
DA:1,0
DA:8,0
DA:9,0
DA:22,0
LF:4
LH:0
BRF:0
BRH:0
end_of_record
TN:
SF:src/components/PerformanceEvolution.tsx
FN:8,(anonymous_2)
FN:9,(anonymous_3)
FN:37,(anonymous_4)
FNF:3
FNH:0
FNDA:0,(anonymous_2)
FNDA:0,(anonymous_3)
FNDA:0,(anonymous_4)
DA:1,0
DA:8,0
DA:9,0
DA:11,0
DA:37,0
DA:75,0
LF:6
LH:0
BRDA:9,0,0,0
BRDA:9,0,1,0
BRDA:15,1,0,0
BRDA:15,1,1,0
BRF:4
BRH:0
end_of_record
TN:
SF:src/components/PlayerNotFound.tsx
FN:4,(anonymous_1)
FNF:1
FNH:0
FNDA:0,(anonymous_1)
DA:1,0
DA:2,0
DA:4,0
DA:5,0
DA:13,0
LF:5
LH:0
BRF:0
BRH:0
end_of_record
TN:
SF:src/components/PlayerSummary.tsx
FN:9,(anonymous_1)
FNF:1
FNH:0
FNDA:0,(anonymous_1)
DA:1,0
DA:9,0
DA:10,0
DA:41,0
LF:4
LH:0
BRF:0
BRH:0
end_of_record
TN:
SF:src/components/SearchBar.tsx
FN:9,(anonymous_1)
FN:18,(anonymous_2)
FNF:2
FNH:2
FNDA:13,(anonymous_1)
FNDA:6,(anonymous_2)
DA:1,2
DA:9,13
DA:10,13
DA:18,6
DA:27,2
LF:5
LH:5
BRDA:9,0,0,0
BRDA:9,0,1,13
BRF:2
BRH:1
end_of_record
TN:
SF:src/components/SeasonStatsTable.tsx
FN:8,(anonymous_2)
FN:10,(anonymous_3)
FN:49,(anonymous_4)
FNF:3
FNH:0
FNDA:0,(anonymous_2)
FNDA:0,(anonymous_3)
FNDA:0,(anonymous_4)
DA:1,0
DA:8,0
DA:10,0
DA:12,0
DA:49,0
DA:89,0
LF:6
LH:0
BRDA:10,0,0,0
BRDA:10,0,1,0
BRDA:16,1,0,0
BRDA:16,1,1,0
BRDA:52,2,0,0
BRDA:52,2,1,0
BRF:6
BRH:0
end_of_record
TN:
SF:src/components/TeamHeader.tsx
FN:8,(anonymous_1)
FNF:1
FNH:0
FNDA:0,(anonymous_1)
DA:1,0
DA:8,0
DA:9,0
DA:25,0
LF:4
LH:0
BRF:0
BRH:0
end_of_record
TN:
SF:src/components/TeamNotFound.tsx
FN:4,(anonymous_1)
FNF:1
FNH:0
FNDA:0,(anonymous_1)
DA:1,0
DA:2,0
DA:4,0
DA:5,0
DA:13,0
LF:5
LH:0
BRF:0
BRH:0
end_of_record
TN:
SF:src/components/TeamRoster.tsx
FN:9,(anonymous_1)
FN:15,(anonymous_2)
FNF:2
FNH:0
FNDA:0,(anonymous_1)
FNDA:0,(anonymous_2)
DA:1,0
DA:2,0
DA:9,0
DA:10,0
DA:15,0
DA:73,0
LF:6
LH:0
BRDA:59,0,0,0
BRDA:59,0,1,0
BRF:2
BRH:0
end_of_record
TN:
SF:src/components/ui/Card.tsx
FN:15,(anonymous_1)
FNF:1
FNH:1
FNDA:19,(anonymous_1)
DA:1,2
DA:2,2
DA:15,2
DA:16,19
DA:17,19
DA:18,19
DA:19,19
DA:20,19
DA:21,19
DA:23,19
DA:44,2
LF:11
LH:11
BRF:0
BRH:0
end_of_record
TN:
SF:src/pages/AllTeam.tsx
FN:8,(anonymous_16)
FN:14,(anonymous_17)
FN:15,(anonymous_18)
FN:33,(anonymous_21)
FN:87,(anonymous_22)
FN:95,(anonymous_23)
FNF:6
FNH:6
FNDA:19,(anonymous_16)
FNDA:6,(anonymous_17)
FNDA:12,(anonymous_18)
FNDA:38,(anonymous_21)
FNDA:19,(anonymous_22)
FNDA:1,(anonymous_23)
DA:1,2
DA:2,2
DA:3,2
DA:4,2
DA:6,2
DA:8,2
DA:9,19
DA:10,19
DA:11,19
DA:12,19
DA:14,19
DA:15,12
DA:16,6
DA:17,6
DA:18,0
DA:20,6
DA:22,0
DA:26,6
DA:30,6
DA:33,19
DA:34,38
DA:39,19
DA:40,6
DA:49,13
DA:50,0
DA:76,13
DA:87,19
DA:95,1
DA:104,2
LF:29
LH:26
BRDA:17,0,0,0
BRDA:23,1,0,0
BRDA:23,1,1,0
BRDA:39,2,0,6
BRDA:49,3,0,0
BRDA:85,4,0,11
BRDA:85,4,1,2
BRF:7
BRH:3
end_of_record
TN:
SF:src/pages/PlayerDetails.tsx
FN:9,(anonymous_1)
FN:14,(anonymous_2)
FN:15,(anonymous_3)
FN:18,(anonymous_4)
FNF:4
FNH:0
FNDA:0,(anonymous_1)
FNDA:0,(anonymous_2)
FNDA:0,(anonymous_3)
FNDA:0,(anonymous_4)
DA:1,0
DA:2,0
DA:3,0
DA:4,0
DA:5,0
DA:6,0
DA:7,0
DA:9,0
DA:10,0
DA:12,0
DA:14,0
DA:15,0
DA:18,0
DA:20,0
DA:21,0
DA:24,0
DA:40,0
LF:17
LH:0
BRDA:12,0,0,0
BRDA:12,0,1,0
BRDA:18,1,0,0
BRDA:18,1,1,0
BRDA:18,2,0,0
BRDA:18,2,1,0
BRDA:20,3,0,0
BRDA:27,4,0,0
BRDA:27,4,1,0
BRDA:27,5,0,0
BRDA:27,5,1,0
BRDA:27,6,0,0
BRDA:27,6,1,0
BRDA:29,7,0,0
BRDA:29,7,1,0
BRDA:29,7,2,0
BRF:16
BRH:0
end_of_record
TN:
SF:src/pages/TeamDetails.tsx
FN:8,(anonymous_1)
FN:11,(anonymous_2)
FNF:2
FNH:0
FNDA:0,(anonymous_1)
FNDA:0,(anonymous_2)
DA:1,0
DA:2,0
DA:3,0
DA:4,0
DA:5,0
DA:6,0
DA:8,0
DA:9,0
DA:11,0
DA:13,0
DA:14,0
DA:17,0
DA:29,0
LF:13
LH:0
BRDA:13,0,0,0
BRF:1
BRH:0
end_of_record
